Using pre-set license
Built from '2020.2/release' branch; Version is '2020.2.2f1 (068178b99f32) revision 426360'; Using compiler version '192528614'; Build Type 'Release'
OS: 'Windows 10 Home; OS build 19041.746; Version 2004; 64bit' Language: 'en' Physical Memory: 16246 MB
BatchMode: 1, IsHumanControllingUs: 0, StartBugReporterOnCrash: 0, Is64bit: 1, IsPro: 0

 COMMAND LINE ARGUMENTS:
C:\Program Files\Unity\Hub\Editor\2020.2.2f1\Editor\Unity.exe
-adb2
-batchMode
-noUpm
-name
AssetImportWorker0
-projectPath
C:/Users/nuge3/OneDrive/Documents/GitHub/mega-golf-snow-balls/MegaGolf
-logFile
Logs/AssetImportWorker0.log
-srvPort
64618
Successfully changed project path to: C:/Users/nuge3/OneDrive/Documents/GitHub/mega-golf-snow-balls/MegaGolf
C:/Users/nuge3/OneDrive/Documents/GitHub/mega-golf-snow-balls/MegaGolf
Using Asset Import Pipeline V2.
Refreshing native plugins compatible for Editor in 18.43 ms, found 0 plugins.
Preloading 0 native plugins for Editor in 0.00 ms.
Initialize engine version: 2020.2.2f1 (068178b99f32)
[Subsystems] Discovering subsystems at path C:/Program Files/Unity/Hub/Editor/2020.2.2f1/Editor/Data/Resources/UnitySubsystems
[Subsystems] Discovering subsystems at path C:/Users/nuge3/OneDrive/Documents/GitHub/mega-golf-snow-balls/MegaGolf/Assets
GfxDevice: creating device client; threaded=0
Direct3D:
    Version:  Direct3D 11.0 [level 11.1]
    Renderer: NVIDIA GeForce RTX 2060 (ID=0x1f08)
    Vendor:   
    VRAM:     5980 MB
    Driver:   27.21.14.5671
Initialize mono
Mono path[0] = 'C:/Program Files/Unity/Hub/Editor/2020.2.2f1/Editor/Data/Managed'
Mono path[1] = 'C:/Program Files/Unity/Hub/Editor/2020.2.2f1/Editor/Data/MonoBleedingEdge/lib/mono/unityjit'
Mono config path = 'C:/Program Files/Unity/Hub/Editor/2020.2.2f1/Editor/Data/MonoBleedingEdge/etc'
Using monoOptions --debugger-agent=transport=dt_socket,embedding=1,server=y,suspend=n,address=127.0.0.1:56192
Begin MonoManager ReloadAssembly
Registering precompiled unity dll's ...
Register platform support module: C:/Program Files/Unity/Hub/Editor/2020.2.2f1/Editor/Data/PlaybackEngines/WindowsStandaloneSupport/UnityEditor.WindowsStandalone.Extensions.dll
Registered in 0.001875 seconds.
Native extension for WindowsStandalone target not found
Refreshing native plugins compatible for Editor in 18.53 ms, found 0 plugins.
Preloading 0 native plugins for Editor in 0.00 ms.
Invoked RoslynAnalysisRunner static constructor.
RoslynAnalysisRunner will not be running.
RoslynAnalysisRunner has terminated.
Mono: successfully reloaded assembly
- Completed reload, in  1.673 seconds
Platform modules already initialized, skipping
Registering precompiled user dll's ...
Registered in 0.000628 seconds.
Begin MonoManager ReloadAssembly
Native extension for WindowsStandalone target not found
Refreshing native plugins compatible for Editor in 0.17 ms, found 0 plugins.
Preloading 0 native plugins for Editor in 0.00 ms.
Invoked RoslynAnalysisRunner static constructor.
RoslynAnalysisRunner will not be running.
RoslynAnalysisRunner has terminated.
Mono: successfully reloaded assembly
- Completed reload, in  0.600 seconds
Platform modules already initialized, skipping
========================================================================
Worker process is ready to serve import requests
Launched and connected shader compiler UnityShaderCompiler.exe after 0.03 seconds
Refreshing native plugins compatible for Editor in 0.19 ms, found 0 plugins.
Preloading 0 native plugins for Editor in 0.00 ms.
Unloading 1114 Unused Serialized files (Serialized files now loaded: 0)
System memory in use before: 58.4 MB.
System memory in use after: 58.4 MB.

Unloading 9 unused Assets to reduce memory usage. Loaded Objects now: 1556.
Total: 1.290100 ms (FindLiveObjects: 0.125000 ms CreateObjectMapping: 0.036800 ms MarkObjects: 1.081400 ms  DeleteObjects: 0.046200 ms)

========================================================================
Received Import Request.
  path: Assets/Materials/Ground.mat
  artifactKey: Guid(0114f55affb3fb64ba2d96f866085949) Importer(815301076,1909f56bfc062723c751e8b465ee728b)
Start importing Assets/Materials/Ground.mat using Guid(0114f55affb3fb64ba2d96f866085949) Importer(815301076,1909f56bfc062723c751e8b465ee728b)  -> (artifact id: '5d769f9a04faf58613c17d2210320870') in 0.265109 seconds
  Import took 0.266841 seconds .

========================================================================
Received Import Request.
  Time since last request: 0.000415 seconds.
  path: Assets/Materials/Walls.mat
  artifactKey: Guid(19542422fa2fd504eae60e8ddd77a77b) Importer(815301076,1909f56bfc062723c751e8b465ee728b)
Start importing Assets/Materials/Walls.mat using Guid(19542422fa2fd504eae60e8ddd77a77b) Importer(815301076,1909f56bfc062723c751e8b465ee728b)  -> (artifact id: '36273dab8c8cad9397577133e59812ef') in 0.010796 seconds
  Import took 0.012246 seconds .

========================================================================
Received Import Request.
  Time since last request: 0.000109 seconds.
  path: Assets/Prefabs/Ball.prefab
  artifactKey: Guid(7ad5104717f9c8f44b63ccd78c2298b5) Importer(815301076,1909f56bfc062723c751e8b465ee728b)
Start importing Assets/Prefabs/Ball.prefab using Guid(7ad5104717f9c8f44b63ccd78c2298b5) Importer(815301076,1909f56bfc062723c751e8b465ee728b)  -> (artifact id: 'b178cde59b5ada3777546ebe535c4c35') in 0.017813 seconds
  Import took 0.019215 seconds .

========================================================================
Received Import Request.
  Time since last request: 0.000124 seconds.
  path: Assets/Materials/PhysMat.physicMaterial
  artifactKey: Guid(457c12a99488de6499c0fbf4acfda599) Importer(815301076,1909f56bfc062723c751e8b465ee728b)
Start importing Assets/Materials/PhysMat.physicMaterial using Guid(457c12a99488de6499c0fbf4acfda599) Importer(815301076,1909f56bfc062723c751e8b465ee728b)  -> (artifact id: '9db78294875f92037e906dc0a6e487ca') in 0.003034 seconds
  Import took 0.004453 seconds .

========================================================================
Received Import Request.
  Time since last request: 0.000132 seconds.
  path: Assets/Materials
  artifactKey: Guid(b2e859678a3415b4fa159469c77b1506) Importer(815301076,1909f56bfc062723c751e8b465ee728b)
Start importing Assets/Materials using Guid(b2e859678a3415b4fa159469c77b1506) Importer(815301076,1909f56bfc062723c751e8b465ee728b)  -> (artifact id: 'ca7d3dbcf2dae5e82eed58cc496af4aa') in 0.002007 seconds
  Import took 0.003348 seconds .

========================================================================
Received Import Request.
  Time since last request: 0.000106 seconds.
  path: Assets/Prefabs/ShotsUI.prefab
  artifactKey: Guid(ded1d1bec499e79469e9ccdb57d3be88) Importer(815301076,1909f56bfc062723c751e8b465ee728b)
Start importing Assets/Prefabs/ShotsUI.prefab using Guid(ded1d1bec499e79469e9ccdb57d3be88) Importer(815301076,1909f56bfc062723c751e8b465ee728b)  -> (artifact id: '0b6186f0becd166cdd18f0c5d26a5f46') in 0.044586 seconds
  Import took 0.046041 seconds .

========================================================================
Received Import Request.
  Time since last request: 0.000124 seconds.
  path: Assets/Materials/Ball.mat
  artifactKey: Guid(065b92e6354b43143a32850714abd73e) Importer(815301076,1909f56bfc062723c751e8b465ee728b)
Start importing Assets/Materials/Ball.mat using Guid(065b92e6354b43143a32850714abd73e) Importer(815301076,1909f56bfc062723c751e8b465ee728b)  -> (artifact id: '0fd3171e5f01bf32359748f275c4cc09') in 0.005995 seconds
  Import took 0.007518 seconds .

========================================================================
Received Import Request.
  Time since last request: 0.000140 seconds.
  path: Assets/Prefabs/HoleTarget.prefab
  artifactKey: Guid(18e9aa23f951cd34dbd64dcf08d3cfc1) Importer(815301076,1909f56bfc062723c751e8b465ee728b)
Start importing Assets/Prefabs/HoleTarget.prefab using Guid(18e9aa23f951cd34dbd64dcf08d3cfc1) Importer(815301076,1909f56bfc062723c751e8b465ee728b)  -> (artifact id: 'b5baaf093b5192f7b7d7230e626d455c') in 0.006421 seconds
  Import took 0.007901 seconds .

========================================================================
Received Import Request.
  Time since last request: 0.000124 seconds.
  path: Assets/Prefabs/Main Camera.prefab
  artifactKey: Guid(4e48ba1a3ec5ef64facbf31b16fa8e01) Importer(815301076,1909f56bfc062723c751e8b465ee728b)
Start importing Assets/Prefabs/Main Camera.prefab using Guid(4e48ba1a3ec5ef64facbf31b16fa8e01) Importer(815301076,1909f56bfc062723c751e8b465ee728b)  -> (artifact id: 'cc1de576561a16808b51ee33ac82f06d') in 0.003941 seconds
  Import took 0.005409 seconds .

========================================================================
Received Import Request.
  Time since last request: 42.979517 seconds.
  path: Assets/Scenes/Level1.unity
  artifactKey: Guid(54fab7d0fa5c7e348aaa7b615b7da892) Importer(815301076,1909f56bfc062723c751e8b465ee728b)
Start importing Assets/Scenes/Level1.unity using Guid(54fab7d0fa5c7e348aaa7b615b7da892) Importer(815301076,1909f56bfc062723c751e8b465ee728b)  -> (artifact id: 'f38b40fe5349eeb5e1312978c4f80dd1') in 0.002251 seconds
  Import took 0.003745 seconds .

========================================================================
Received Import Request.
  Time since last request: 0.001587 seconds.
  path: Assets/Scenes/Level1.unity
  artifactKey: Guid(54fab7d0fa5c7e348aaa7b615b7da892) Importer(815301076,1909f56bfc062723c751e8b465ee728b)
Start importing Assets/Scenes/Level1.unity using Guid(54fab7d0fa5c7e348aaa7b615b7da892) Importer(815301076,1909f56bfc062723c751e8b465ee728b)  -> (artifact id: 'f38b40fe5349eeb5e1312978c4f80dd1') in 0.002156 seconds
  Import took 0.003474 seconds .

========================================================================
Received Prepare
Registering precompiled user dll's ...
Registered in 0.000663 seconds.
Begin MonoManager ReloadAssembly
Native extension for WindowsStandalone target not found
Refreshing native plugins compatible for Editor in 0.17 ms, found 0 plugins.
Preloading 0 native plugins for Editor in 0.00 ms.
Invoked RoslynAnalysisRunner static constructor.
RoslynAnalysisRunner will not be running.
RoslynAnalysisRunner has terminated.
Mono: successfully reloaded assembly
- Completed reload, in  0.563 seconds
Platform modules already initialized, skipping
Refreshing native plugins compatible for Editor in 0.17 ms, found 0 plugins.
Preloading 0 native plugins for Editor in 0.00 ms.
Unloading 1095 Unused Serialized files (Serialized files now loaded: 0)
System memory in use before: 61.2 MB.
System memory in use after: 61.3 MB.

Unloading 5 unused Assets to reduce memory usage. Loaded Objects now: 1600.
Total: 1.142900 ms (FindLiveObjects: 0.099100 ms CreateObjectMapping: 0.026500 ms MarkObjects: 1.004100 ms  DeleteObjects: 0.012600 ms)

========================================================================
Received Import Request.
  Time since last request: 460.875417 seconds.
  path: Assets/Scenes/level01_Sean.unity
  artifactKey: Guid(8f5ada7377e2f014a91af83c9f6112d8) Importer(815301076,1909f56bfc062723c751e8b465ee728b)
Start importing Assets/Scenes/level01_Sean.unity using Guid(8f5ada7377e2f014a91af83c9f6112d8) Importer(815301076,1909f56bfc062723c751e8b465ee728b)  -> (artifact id: '72274309cc875ee48ad76e31f507120b') in 0.009846 seconds
  Import took 0.011403 seconds .

========================================================================
Received Prepare
Trying to reload asset but can't find object on disk

Trying to reload asset but can't find object on disk

Trying to reload asset but can't find object on disk

Trying to reload asset but can't find object on disk

Trying to reload asset but can't find object on disk

Trying to reload asset but can't find object on disk

Trying to reload asset but can't find object on disk

Trying to reload asset but can't find object on disk

Trying to reload asset but can't find object on disk

Trying to reload asset but can't find object on disk

Trying to reload asset but can't find object on disk

Trying to reload asset but can't find object on disk

Trying to reload asset but can't find object on disk

Trying to reload asset but can't find object on disk

Trying to reload asset but can't find object on disk

Trying to reload asset but can't find object on disk

Trying to reload asset but can't find object on disk

Trying to reload asset but can't find object on disk

Registering precompiled user dll's ...
Registered in 0.000684 seconds.
Begin MonoManager ReloadAssembly
Native extension for WindowsStandalone target not found
Refreshing native plugins compatible for Editor in 0.17 ms, found 0 plugins.
Preloading 0 native plugins for Editor in 0.00 ms.
Invoked RoslynAnalysisRunner static constructor.
RoslynAnalysisRunner will not be running.
RoslynAnalysisRunner has terminated.
Mono: successfully reloaded assembly
- Completed reload, in  0.564 seconds
Platform modules already initialized, skipping
Refreshing native plugins compatible for Editor in 0.16 ms, found 0 plugins.
Preloading 0 native plugins for Editor in 0.00 ms.
Unloading 1093 Unused Serialized files (Serialized files now loaded: 0)
System memory in use before: 61.5 MB.
System memory in use after: 61.6 MB.

Unloading 6 unused Assets to reduce memory usage. Loaded Objects now: 1600.
Total: 1.391500 ms (FindLiveObjects: 0.138900 ms CreateObjectMapping: 0.028000 ms MarkObjects: 1.195900 ms  DeleteObjects: 0.028100 ms)

AssetImportWorkerClient::OnTransportError - code=2 error=End of file
